{"level":"info","message":"Server running on port 5000","timestamp":"2025-02-26T11:06:26.528Z"}
{"level":"info","message":"MongoDB connected","timestamp":"2025-02-26T11:06:32.231Z"}
{"level":"info","message":"Server running on port 5000","timestamp":"2025-02-26T11:17:51.944Z"}
{"level":"info","message":"MongoDB connected","timestamp":"2025-02-26T11:17:54.628Z"}
{"level":"info","message":"Server running on port 5000","timestamp":"2025-02-26T11:24:27.733Z"}
{"level":"info","message":"MongoDB connected","timestamp":"2025-02-26T11:24:30.211Z"}
{"level":"info","message":"Server running on port 5000","timestamp":"2025-02-26T11:33:57.049Z"}
{"level":"info","message":"MongoDB connected","timestamp":"2025-02-26T11:33:59.489Z"}
{"level":"info","message":"Server running on port 5000","timestamp":"2025-02-26T11:57:19.618Z"}
{"level":"info","message":"Server running on port 5000","timestamp":"2025-02-26T11:58:49.696Z"}
{"errorLabelSet":{},"level":"error","message":"MongoDB connection error: connect ETIMEDOUT 35.169.99.70:27017","reason":{"commonWireVersion":0,"compatible":true,"heartbeatFrequencyMS":10000,"localThresholdMS":15,"logicalSessionTimeoutMinutes":30,"maxElectionId":null,"maxSetVersion":null,"servers":{"cluster0-shard-00-00.nnt1r.mongodb.net:27017":{"$clusterTime":{"clusterTime":{"$timestamp":{"i":5,"t":1740571170}},"signature":{"hash":{"0":177,"1":109,"10":196,"11":141,"12":175,"13":57,"14":159,"15":49,"16":81,"17":240,"18":208,"19":50,"2":41,"3":79,"4":229,"5":53,"6":114,"7":189,"8":111,"9":99},"keyId":7429419993235718000}},"address":"cluster0-shard-00-00.nnt1r.mongodb.net:27017","arbiters":[],"electionId":null,"error":null,"hosts":["cluster0-shard-00-00.nnt1r.mongodb.net:27017","cluster0-shard-00-01.nnt1r.mongodb.net:27017","cluster0-shard-00-02.nnt1r.mongodb.net:27017"],"iscryptd":false,"lastUpdateTime":18220773,"lastWriteDate":{"$date":"2025-02-26T11:59:30Z"},"logicalSessionTimeoutMinutes":30,"maxBsonObjectSize":16777216,"maxMessageSizeBytes":48000000,"maxWireVersion":25,"maxWriteBatchSize":100000,"me":"cluster0-shard-00-00.nnt1r.mongodb.net:27017","minRoundTripTime":0,"minWireVersion":0,"passives":[],"primary":"cluster0-shard-00-02.nnt1r.mongodb.net:27017","roundTripTime":197,"setName":"atlas-pvwffc-shard-0","setVersion":107,"tags":{"availabilityZone":"use1-az6","diskState":"READY","nodeType":"ELECTABLE","provider":"AWS","region":"US_EAST_1","workloadType":"OPERATIONAL"},"topologyVersion":{"counter":4,"processId":{"$oid":"67bcd012712fa730a2457403"}},"type":"RSSecondary"},"cluster0-shard-00-01.nnt1r.mongodb.net:27017":{"$clusterTime":null,"address":"cluster0-shard-00-01.nnt1r.mongodb.net:27017","arbiters":[],"electionId":null,"error":{"beforeHandshake":false,"errorLabelSet":{}},"hosts":[],"iscryptd":false,"lastUpdateTime":18212314,"lastWriteDate":0,"logicalSessionTimeoutMinutes":null,"maxBsonObjectSize":null,"maxMessageSizeBytes":null,"maxWireVersion":0,"maxWriteBatchSize":null,"me":null,"minRoundTripTime":0,"minWireVersion":0,"passives":[],"primary":null,"roundTripTime":-1,"setName":null,"setVersion":null,"tags":{},"topologyVersion":null,"type":"Unknown"},"cluster0-shard-00-02.nnt1r.mongodb.net:27017":{"$clusterTime":null,"address":"cluster0-shard-00-02.nnt1r.mongodb.net:27017","arbiters":[],"electionId":null,"error":{"beforeHandshake":false,"errorLabelSet":{}},"hosts":[],"iscryptd":false,"lastUpdateTime":18212315,"lastWriteDate":0,"logicalSessionTimeoutMinutes":null,"maxBsonObjectSize":null,"maxMessageSizeBytes":null,"maxWireVersion":0,"maxWriteBatchSize":null,"me":null,"minRoundTripTime":0,"minWireVersion":0,"passives":[],"primary":null,"roundTripTime":-1,"setName":null,"setVersion":null,"tags":{},"topologyVersion":null,"type":"Unknown"}},"setName":"atlas-pvwffc-shard-0","stale":false,"type":"ReplicaSetNoPrimary"},"stack":"MongooseServerSelectionError: connect ETIMEDOUT 35.169.99.70:27017\n    at _handleConnectionErrors (C:\\Users\\cyber\\BeerSheva24RonzhinVitalii\\Node-Project\\movie-coments\\node_modules\\mongoose\\lib\\connection.js:1163:11)\n    at NativeConnection.openUri (C:\\Users\\cyber\\BeerSheva24RonzhinVitalii\\Node-Project\\movie-coments\\node_modules\\mongoose\\lib\\connection.js:1094:11)","timestamp":"2025-02-26T11:59:19.859Z"}
{"level":"info","message":"Server running on port 5000","timestamp":"2025-02-26T12:00:54.243Z"}
{"errorLabelSet":{},"level":"error","message":"MongoDB connection error: Could not connect to any servers in your MongoDB Atlas cluster. One common reason is that you're trying to access the database from an IP that isn't whitelisted. Make sure your current IP address is on your Atlas cluster's IP whitelist: https://www.mongodb.com/docs/atlas/security-whitelist/","reason":{"commonWireVersion":0,"compatible":true,"heartbeatFrequencyMS":10000,"localThresholdMS":15,"logicalSessionTimeoutMinutes":null,"maxElectionId":null,"maxSetVersion":null,"servers":{"cluster0-shard-00-00.nnt1r.mongodb.net:27017":{"$clusterTime":null,"address":"cluster0-shard-00-00.nnt1r.mongodb.net:27017","arbiters":[],"electionId":null,"error":{"beforeHandshake":false,"errorLabelSet":{}},"hosts":[],"iscryptd":false,"lastUpdateTime":18336992,"lastWriteDate":0,"logicalSessionTimeoutMinutes":null,"maxBsonObjectSize":null,"maxMessageSizeBytes":null,"maxWireVersion":0,"maxWriteBatchSize":null,"me":null,"minRoundTripTime":0,"minWireVersion":0,"passives":[],"primary":null,"roundTripTime":-1,"setName":null,"setVersion":null,"tags":{},"topologyVersion":null,"type":"Unknown"},"cluster0-shard-00-01.nnt1r.mongodb.net:27017":{"$clusterTime":null,"address":"cluster0-shard-00-01.nnt1r.mongodb.net:27017","arbiters":[],"electionId":null,"error":{"beforeHandshake":false,"errorLabelSet":{}},"hosts":[],"iscryptd":false,"lastUpdateTime":18336899,"lastWriteDate":0,"logicalSessionTimeoutMinutes":null,"maxBsonObjectSize":null,"maxMessageSizeBytes":null,"maxWireVersion":0,"maxWriteBatchSize":null,"me":null,"minRoundTripTime":0,"minWireVersion":0,"passives":[],"primary":null,"roundTripTime":-1,"setName":null,"setVersion":null,"tags":{},"topologyVersion":null,"type":"Unknown"},"cluster0-shard-00-02.nnt1r.mongodb.net:27017":{"$clusterTime":null,"address":"cluster0-shard-00-02.nnt1r.mongodb.net:27017","arbiters":[],"electionId":null,"error":{"beforeHandshake":false,"errorLabelSet":{}},"hosts":[],"iscryptd":false,"lastUpdateTime":18337102,"lastWriteDate":0,"logicalSessionTimeoutMinutes":null,"maxBsonObjectSize":null,"maxMessageSizeBytes":null,"maxWireVersion":0,"maxWriteBatchSize":null,"me":null,"minRoundTripTime":0,"minWireVersion":0,"passives":[],"primary":null,"roundTripTime":-1,"setName":null,"setVersion":null,"tags":{},"topologyVersion":null,"type":"Unknown"}},"setName":"atlas-pvwffc-shard-0","stale":false,"type":"ReplicaSetNoPrimary"},"stack":"MongooseServerSelectionError: Could not connect to any servers in your MongoDB Atlas cluster. One common reason is that you're trying to access the database from an IP that isn't whitelisted. Make sure your current IP address is on your Atlas cluster's IP whitelist: https://www.mongodb.com/docs/atlas/security-whitelist/\n    at _handleConnectionErrors (C:\\Users\\cyber\\BeerSheva24RonzhinVitalii\\Node-Project\\movie-coments\\node_modules\\mongoose\\lib\\connection.js:1163:11)\n    at NativeConnection.openUri (C:\\Users\\cyber\\BeerSheva24RonzhinVitalii\\Node-Project\\movie-coments\\node_modules\\mongoose\\lib\\connection.js:1094:11)","timestamp":"2025-02-26T12:01:24.586Z"}
{"level":"info","message":"Server running on port 5000","timestamp":"2025-02-26T12:16:29.491Z"}
{"level":"info","message":"MongoDB connected","timestamp":"2025-02-26T12:16:31.258Z"}
{"level":"info","message":"Server running on port 5000","timestamp":"2025-02-26T12:33:35.565Z"}
{"level":"info","message":"MongoDB connected","timestamp":"2025-02-26T12:33:38.690Z"}
{"level":"info","message":"Server running on port 5000","timestamp":"2025-02-26T13:07:20.047Z"}
{"level":"info","message":"MongoDB connected","timestamp":"2025-02-26T13:07:22.413Z"}
{"level":"info","message":"Server running on port 5000","timestamp":"2025-02-27T08:40:47.911Z"}
{"level":"info","message":"MongoDB connected","timestamp":"2025-02-27T08:40:50.380Z"}
{"level":"info","message":"Server running on port 5000","timestamp":"2025-02-27T08:41:16.938Z"}
{"level":"info","message":"MongoDB connected","timestamp":"2025-02-27T08:41:18.584Z"}
{"level":"info","message":"Server running on port 5000","timestamp":"2025-02-27T08:46:54.337Z"}
{"level":"info","message":"MongoDB connected","timestamp":"2025-02-27T08:46:56.428Z"}
{"level":"info","message":"Server running on port 5000","timestamp":"2025-02-27T08:50:44.692Z"}
{"level":"info","message":"MongoDB connected","timestamp":"2025-02-27T08:50:46.741Z"}
{"level":"info","message":"Server running on port 5000","timestamp":"2025-02-27T09:05:24.096Z"}
{"level":"info","message":"MongoDB connected","timestamp":"2025-02-27T09:05:25.934Z"}
{"level":"info","message":"Server running on port 5000","timestamp":"2025-02-27T09:09:48.051Z"}
{"level":"info","message":"MongoDB connected","timestamp":"2025-02-27T09:09:49.732Z"}
{"level":"info","message":"Server running on port 5000","timestamp":"2025-02-27T09:20:01.368Z"}
{"level":"info","message":"MongoDB connected","timestamp":"2025-02-27T09:20:03.185Z"}
{"level":"info","message":"Server running on port 5000","timestamp":"2025-02-27T09:21:06.828Z"}
{"level":"info","message":"MongoDB connected","timestamp":"2025-02-27T09:21:08.612Z"}
{"level":"info","message":"Server running on port 5000","timestamp":"2025-02-27T09:32:23.719Z"}
{"level":"info","message":"MongoDB connected","timestamp":"2025-02-27T09:32:25.625Z"}
{"level":"info","message":"Server running on port 5000","timestamp":"2025-02-27T09:33:43.205Z"}
{"level":"info","message":"MongoDB connected","timestamp":"2025-02-27T09:33:44.972Z"}
{"level":"info","message":"Server running on port 5000","timestamp":"2025-02-27T09:35:28.224Z"}
{"level":"info","message":"MongoDB connected","timestamp":"2025-02-27T09:35:30.032Z"}
{"level":"info","message":"Server running on port 5000","timestamp":"2025-02-27T09:38:05.123Z"}
{"level":"info","message":"MongoDB connected","timestamp":"2025-02-27T09:38:06.938Z"}
{"level":"info","message":"Server running on port 5000","timestamp":"2025-02-27T09:40:42.126Z"}
{"level":"info","message":"MongoDB connected","timestamp":"2025-02-27T09:40:43.965Z"}
{"level":"info","message":"Server running on port 5000","timestamp":"2025-02-27T09:50:36.981Z"}
{"level":"info","message":"MongoDB connected","timestamp":"2025-02-27T09:50:38.842Z"}
{"level":"info","message":"Server running on port 5000","timestamp":"2025-02-27T09:55:31.158Z"}
{"level":"info","message":"MongoDB connected","timestamp":"2025-02-27T09:55:32.992Z"}
{"level":"info","message":"Server running on port 5000","timestamp":"2025-03-01T07:31:54.898Z"}
{"level":"info","message":"MongoDB connected","timestamp":"2025-03-01T07:31:56.909Z"}
{"level":"info","message":"Server running on port 5000","timestamp":"2025-03-02T08:46:38.095Z"}
{"level":"info","message":"MongoDB connected","timestamp":"2025-03-02T08:46:39.816Z"}
{"level":"info","message":"Server running on port 5000","timestamp":"2025-03-02T09:17:48.484Z"}
{"level":"info","message":"MongoDB connected","timestamp":"2025-03-02T09:17:50.566Z"}
{"level":"info","message":"Server running on port 5000","timestamp":"2025-03-02T09:23:29.500Z"}
{"level":"info","message":"MongoDB connected","timestamp":"2025-03-02T09:23:33.352Z"}
{"level":"info","message":"Server running on port 5000","timestamp":"2025-03-02T09:25:05.245Z"}
{"level":"info","message":"MongoDB connected","timestamp":"2025-03-02T09:25:09.008Z"}
{"level":"info","message":"Server running on port 5000","timestamp":"2025-03-02T09:25:27.002Z"}
{"level":"info","message":"MongoDB connected","timestamp":"2025-03-02T09:25:28.598Z"}
{"level":"info","message":"Server running on port 5000","timestamp":"2025-03-02T09:27:28.996Z"}
{"level":"info","message":"MongoDB connected","timestamp":"2025-03-02T09:27:30.716Z"}
{"level":"info","message":"Server running on port 5000","timestamp":"2025-03-03T09:55:04.430Z"}
{"level":"info","message":"MongoDB connected","timestamp":"2025-03-03T09:55:08.275Z"}
{"level":"info","message":"Server running on port 5000","timestamp":"2025-03-03T10:03:49.625Z"}
{"level":"info","message":"MongoDB connected","timestamp":"2025-03-03T10:03:51.301Z"}
{"level":"info","message":"Server running on port 5000","timestamp":"2025-03-03T10:15:17.701Z"}
{"level":"info","message":"MongoDB connected","timestamp":"2025-03-03T10:15:21.934Z"}
{"level":"info","message":"Server running on port 5000","timestamp":"2025-03-03T11:51:00.542Z"}
{"level":"info","message":"MongoDB connected","timestamp":"2025-03-03T11:51:04.449Z"}
{"level":"info","message":"Server running on port 5000","timestamp":"2025-03-03T13:47:18.664Z"}
{"level":"info","message":"MongoDB connected","timestamp":"2025-03-03T13:47:22.538Z"}
{"level":"info","message":"Server running on port 5000","timestamp":"2025-03-15T09:28:19.603Z"}
{"level":"info","message":"MongoDB connected","timestamp":"2025-03-15T09:28:21.472Z"}
{"level":"debug","message":"\u001b[0mPOST /api/accounts/login \u001b[32m200\u001b[0m 246.008 ms - 216\u001b[0m","timestamp":"2025-03-15T09:28:57.729Z"}
{"level":"debug","message":"\u001b[0mGET /api/accounts/copy@test.com \u001b[33m403\u001b[0m 2.587 ms - 43\u001b[0m","timestamp":"2025-03-15T09:29:14.261Z"}
{"level":"debug","message":"\u001b[0mPOST /api/accounts/login \u001b[32m200\u001b[0m 219.025 ms - 207\u001b[0m","timestamp":"2025-03-15T09:29:23.424Z"}
{"level":"debug","message":"\u001b[0mGET /api/accounts/copy@test.com \u001b[32m200\u001b[0m 144.468 ms - 178\u001b[0m","timestamp":"2025-03-15T09:29:39.082Z"}
{"level":"debug","message":"\u001b[0mGET /api/favorites/example@example.com \u001b[33m401\u001b[0m 0.660 ms - 76\u001b[0m","timestamp":"2025-03-15T09:29:56.671Z"}
{"level":"debug","message":"\u001b[0mGET /api/favorites/example@example.com \u001b[32m200\u001b[0m 306.904 ms - 133\u001b[0m","timestamp":"2025-03-15T09:30:11.892Z"}
{"level":"info","message":"Server running on port 5000","timestamp":"2025-03-16T08:14:50.822Z"}
{"level":"info","message":"MongoDB connected","timestamp":"2025-03-16T08:14:52.988Z"}
{"level":"debug","message":"\u001b[0mPOST /api/accounts/login \u001b[32m200\u001b[0m 255.196 ms - 216\u001b[0m","timestamp":"2025-03-16T08:15:01.111Z"}
{"level":"debug","message":"\u001b[0mGET /api/comments/user/ronald_cox@fakegmail.com \u001b[33m401\u001b[0m 0.786 ms - 76\u001b[0m","timestamp":"2025-03-16T08:15:36.945Z"}
{"level":"debug","message":"\u001b[0mGET /api/comments/user/ronald_cox@fakegmail.com \u001b[32m200\u001b[0m 574.589 ms - 71128\u001b[0m","timestamp":"2025-03-16T08:15:42.181Z"}
{"level":"debug","message":"\u001b[0mPOST /api/accounts/login \u001b[32m200\u001b[0m 224.965 ms - 207\u001b[0m","timestamp":"2025-03-16T08:15:53.894Z"}
{"level":"debug","message":"\u001b[0mGET /api/accounts/copy@test.com \u001b[32m200\u001b[0m 157.583 ms - 178\u001b[0m","timestamp":"2025-03-16T08:16:11.601Z"}
{"level":"debug","message":"\u001b[0mGET /api/movies/573a1391f29313caabcd7e6e \u001b[32m200\u001b[0m 162.122 ms - 2031\u001b[0m","timestamp":"2025-03-16T08:16:26.836Z"}
{"level":"info","message":"Server running on port 5000","timestamp":"2025-03-16T08:25:34.425Z"}
{"level":"info","message":"MongoDB connected","timestamp":"2025-03-16T08:25:36.471Z"}
{"level":"debug","message":"\u001b[0mPOST /api/accounts/login \u001b[32m200\u001b[0m 235.865 ms - 216\u001b[0m","timestamp":"2025-03-16T08:25:42.031Z"}
{"level":"debug","message":"\u001b[0mPOST /api/accounts/login \u001b[32m200\u001b[0m 229.694 ms - 216\u001b[0m","timestamp":"2025-03-16T09:20:46.471Z"}
{"level":"debug","message":"\u001b[0mGET /api/comments/user/ronald_cox@fakegmail.com \u001b[32m200\u001b[0m 543.798 ms - 71128\u001b[0m","timestamp":"2025-03-16T09:20:58.268Z"}
